0 info it worked if it ends with ok
1 verbose cli [ 'C:\\Program Files\\nodejs\\node.exe',
1 verbose cli   'C:\\Program Files\\nodejs\\node_modules\\npm\\bin\\npm-cli.js',
1 verbose cli   'run',
1 verbose cli   'test:watch' ]
2 info using npm@3.10.8
3 info using node@v6.9.1
4 verbose run-script [ 'pretest:watch', 'test:watch', 'posttest:watch' ]
5 info lifecycle pluralsight-redux-starter@1.0.0~pretest:watch: pluralsight-redux-starter@1.0.0
6 silly lifecycle pluralsight-redux-starter@1.0.0~pretest:watch: no script for pretest:watch, continuing
7 info lifecycle pluralsight-redux-starter@1.0.0~test:watch: pluralsight-redux-starter@1.0.0
8 verbose lifecycle pluralsight-redux-starter@1.0.0~test:watch: unsafe-perm in lifecycle true
9 verbose lifecycle pluralsight-redux-starter@1.0.0~test:watch: PATH: C:\Program Files\nodejs\node_modules\npm\bin\node-gyp-bin;C:\Users\rrojas\Downloads\react\app\reactDemoRedux\node_modules\.bin;C:\Program Files (x86)\NVIDIA Corporation\PhysX\Common;C:\Program Files (x86)\Intel\iCLS Client\;C:\Program Files\Intel\iCLS Client\;C:\WINDOWS\system32;C:\WINDOWS;C:\WINDOWS\System32\Wbem;C:\WINDOWS\System32\WindowsPowerShell\v1.0\;C:\Program Files\Intel\Intel(R) Management Engine Components\DAL;C:\Program Files\Intel\Intel(R) Management Engine Components\IPT;C:\Program Files (x86)\Intel\Intel(R) Management Engine Components\DAL;C:\Program Files (x86)\Intel\Intel(R) Management Engine Components\IPT;C:\Program Files (x86)\Intel\OpenCL SDK\3.0\bin\x86;C:\Program Files (x86)\Intel\OpenCL SDK\3.0\bin\x64;C:\Program Files\Intel\WiFi\bin\;C:\Program Files\Common Files\Intel\WirelessCommon\;C:\Program Files (x86)\Common Files\Lenovo;C:\Program Files (x86)\Common Files\lenovo\easyplussdk\bin;C:\ProgramData\Lenovo\ReadyApps;C:\Program Files\nodejs\;C:\Program Files\Git\cmd;C:\Program Files (x86)\Windows Kits\10\Windows Performance Toolkit\;C:\Program Files\dotnet\;C:\Program Files (x86)\Skype\Phone\;C:\Program Files\Microsoft SQL Server\Client SDK\ODBC\130\Tools\Binn\;C:\Program Files (x86)\Microsoft SQL Server\130\Tools\Binn\;C:\Program Files\Microsoft SQL Server\130\Tools\Binn\;C:\Program Files\Microsoft SQL Server\130\DTS\Binn\;C:\Program Files (x86)\Microsoft SQL Server\Client SDK\ODBC\130\Tools\Binn\;C:\Program Files (x86)\Microsoft SQL Server\130\DTS\Binn\;C:\Program Files (x86)\Microsoft SQL Server\130\Tools\Binn\ManagementStudio\;C:\Users\rrojas\AppData\Local\Microsoft\WindowsApps;;C:\Users\rrojas\AppData\Roaming\npm
10 verbose lifecycle pluralsight-redux-starter@1.0.0~test:watch: CWD: C:\Users\rrojas\Downloads\react\app\reactDemoRedux
11 silly lifecycle pluralsight-redux-starter@1.0.0~test:watch: Args: [ '/d /s /c', 'npm run test -- --watch' ]
12 silly lifecycle pluralsight-redux-starter@1.0.0~test:watch: Returned: code: 3221225786  signal: null
13 info lifecycle pluralsight-redux-starter@1.0.0~test:watch: Failed to exec test:watch script
14 verbose stack Error: pluralsight-redux-starter@1.0.0 test:watch: `npm run test -- --watch`
14 verbose stack Exit status 3221225786
14 verbose stack     at EventEmitter.<anonymous> (C:\Program Files\nodejs\node_modules\npm\lib\utils\lifecycle.js:255:16)
14 verbose stack     at emitTwo (events.js:106:13)
14 verbose stack     at EventEmitter.emit (events.js:191:7)
14 verbose stack     at ChildProcess.<anonymous> (C:\Program Files\nodejs\node_modules\npm\lib\utils\spawn.js:40:14)
14 verbose stack     at emitTwo (events.js:106:13)
14 verbose stack     at ChildProcess.emit (events.js:191:7)
14 verbose stack     at maybeClose (internal/child_process.js:877:16)
14 verbose stack     at Process.ChildProcess._handle.onexit (internal/child_process.js:226:5)
15 verbose pkgid pluralsight-redux-starter@1.0.0
16 verbose cwd C:\Users\rrojas\Downloads\react\app\reactDemoRedux
17 error Windows_NT 10.0.14393
18 error argv "C:\\Program Files\\nodejs\\node.exe" "C:\\Program Files\\nodejs\\node_modules\\npm\\bin\\npm-cli.js" "run" "test:watch"
19 error node v6.9.1
20 error npm  v3.10.8
21 error code ELIFECYCLE
22 error pluralsight-redux-starter@1.0.0 test:watch: `npm run test -- --watch`
22 error Exit status 3221225786
23 error Failed at the pluralsight-redux-starter@1.0.0 test:watch script 'npm run test -- --watch'.
23 error Make sure you have the latest version of node.js and npm installed.
23 error If you do, this is most likely a problem with the pluralsight-redux-starter package,
23 error not with npm itself.
23 error Tell the author that this fails on your system:
23 error     npm run test -- --watch
23 error You can get information on how to open an issue for this project with:
23 error     npm bugs pluralsight-redux-starter
23 error Or if that isn't available, you can get their info via:
23 error     npm owner ls pluralsight-redux-starter
23 error There is likely additional logging output above.
24 verbose exit [ 1, true ]
